mode: atomic
github.com/Laisky/go-utils/kafka/client.go:37.66,50.16 8 0
github.com/Laisky/go-utils/kafka/client.go:55.2,71.15 5 0
github.com/Laisky/go-utils/kafka/client.go:50.16,52.3 1 0
github.com/Laisky/go-utils/kafka/client.go:74.28,76.2 1 0
github.com/Laisky/go-utils/kafka/client.go:78.42,79.41 1 0
github.com/Laisky/go-utils/kafka/client.go:79.41,83.3 2 0
github.com/Laisky/go-utils/kafka/client.go:86.48,89.12 3 0
github.com/Laisky/go-utils/kafka/client.go:101.2,101.16 1 0
github.com/Laisky/go-utils/kafka/client.go:89.12,90.37 1 0
github.com/Laisky/go-utils/kafka/client.go:90.37,98.4 7 0
github.com/Laisky/go-utils/kafka/client.go:104.34,109.32 4 0
github.com/Laisky/go-utils/kafka/client.go:109.32,110.36 1 0
github.com/Laisky/go-utils/kafka/client.go:117.3,124.29 6 0
github.com/Laisky/go-utils/kafka/client.go:110.36,114.12 2 0
github.com/Laisky/go-utils/kafka/client.go:128.50,130.2 1 0
github.com/Laisky/go-utils/kafka/commit_filter.go:30.58,41.2 4 0
github.com/Laisky/go-utils/kafka/commit_filter.go:43.55,45.2 1 0
github.com/Laisky/go-utils/kafka/commit_filter.go:47.54,49.2 1 0
github.com/Laisky/go-utils/kafka/commit_filter.go:53.46,66.32 4 0
github.com/Laisky/go-utils/kafka/commit_filter.go:66.32,68.50 1 0
github.com/Laisky/go-utils/kafka/commit_filter.go:80.3,80.39 1 0
github.com/Laisky/go-utils/kafka/commit_filter.go:98.3,101.40 3 0
github.com/Laisky/go-utils/kafka/commit_filter.go:68.50,76.12 2 0
github.com/Laisky/go-utils/kafka/commit_filter.go:80.39,84.4 1 0
github.com/Laisky/go-utils/kafka/commit_filter.go:84.9,87.26 1 0
github.com/Laisky/go-utils/kafka/commit_filter.go:93.4,95.29 3 0
github.com/Laisky/go-utils/kafka/commit_filter.go:87.26,91.5 1 0
github.com/Laisky/go-utils/kafka/commit_filter.go:101.40,103.4 1 0
github.com/Laisky/go-utils/kafka/commit_filter.go:110.93,112.35 2 0
github.com/Laisky/go-utils/kafka/commit_filter.go:112.35,114.85 1 0
github.com/Laisky/go-utils/kafka/commit_filter.go:114.85,115.37 1 0
github.com/Laisky/go-utils/kafka/commit_filter.go:122.4,122.11 1 0
github.com/Laisky/go-utils/kafka/commit_filter.go:115.37,119.13 2 0
github.com/Laisky/go-utils/kafka/commit_filter.go:123.39,126.29 3 0
github.com/Laisky/go-utils/kafka/commit_filter.go:127.12,127.12 0 0
github.com/Laisky/go-utils/journal/serialize.go:43.47,47.2 1 5
github.com/Laisky/go-utils/journal/serialize.go:49.45,54.2 1 5
github.com/Laisky/go-utils/journal/serialize.go:56.45,61.2 1 6
github.com/Laisky/go-utils/journal/serialize.go:63.47,68.2 2 4
github.com/Laisky/go-utils/journal/serialize.go:70.54,71.49 1 1005
github.com/Laisky/go-utils/journal/serialize.go:78.2,78.12 1 1005
github.com/Laisky/go-utils/journal/serialize.go:71.49,73.3 1 0
github.com/Laisky/go-utils/journal/serialize.go:81.39,83.2 1 4
github.com/Laisky/go-utils/journal/serialize.go:85.54,86.69 1 1008
github.com/Laisky/go-utils/journal/serialize.go:92.2,92.12 1 1005
github.com/Laisky/go-utils/journal/serialize.go:86.69,88.3 1 3
github.com/Laisky/go-utils/journal/serialize.go:88.8,88.23 1 1005
github.com/Laisky/go-utils/journal/serialize.go:88.23,90.3 1 0
github.com/Laisky/go-utils/journal/serialize.go:95.52,96.12 1 2954
github.com/Laisky/go-utils/journal/serialize.go:100.2,101.22 2 1954
github.com/Laisky/go-utils/journal/serialize.go:109.2,109.66 1 1954
github.com/Laisky/go-utils/journal/serialize.go:118.2,118.12 1 1954
github.com/Laisky/go-utils/journal/serialize.go:96.12,98.3 1 1000
github.com/Laisky/go-utils/journal/serialize.go:101.22,105.3 3 4
github.com/Laisky/go-utils/journal/serialize.go:105.8,107.3 1 1950
github.com/Laisky/go-utils/journal/serialize.go:109.66,111.3 1 0
github.com/Laisky/go-utils/journal/serialize.go:121.38,123.2 1 4
github.com/Laisky/go-utils/journal/serialize.go:125.61,127.6 2 0
github.com/Laisky/go-utils/journal/serialize.go:147.2,147.19 1 0
github.com/Laisky/go-utils/journal/serialize.go:127.6,128.66 1 0
github.com/Laisky/go-utils/journal/serialize.go:134.3,134.23 1 0
github.com/Laisky/go-utils/journal/serialize.go:142.3,142.17 1 0
github.com/Laisky/go-utils/journal/serialize.go:128.66,129.9 1 0
github.com/Laisky/go-utils/journal/serialize.go:130.9,130.24 1 0
github.com/Laisky/go-utils/journal/serialize.go:130.24,132.4 1 0
github.com/Laisky/go-utils/journal/serialize.go:134.23,137.4 2 0
github.com/Laisky/go-utils/journal/serialize.go:137.9,139.4 1 0
github.com/Laisky/go-utils/journal/serialize.go:142.17,144.4 1 0
github.com/Laisky/go-utils/journal/serialize.go:150.73,153.6 3 6
github.com/Laisky/go-utils/journal/serialize.go:173.2,173.20 1 6
github.com/Laisky/go-utils/journal/serialize.go:153.6,154.66 1 1962
github.com/Laisky/go-utils/journal/serialize.go:160.3,160.23 1 1956
github.com/Laisky/go-utils/journal/serialize.go:170.3,170.25 1 1956
github.com/Laisky/go-utils/journal/serialize.go:154.66,155.9 1 6
github.com/Laisky/go-utils/journal/serialize.go:156.9,156.24 1 1956
github.com/Laisky/go-utils/journal/serialize.go:156.24,158.4 1 0
github.com/Laisky/go-utils/journal/serialize.go:160.23,164.4 2 6
github.com/Laisky/go-utils/journal/serialize.go:164.9,167.4 1 1950
github.com/Laisky/go-utils/journal/data_gen.go:10.55,15.16 5 1009
github.com/Laisky/go-utils/journal/data_gen.go:19.2,19.17 1 1006
github.com/Laisky/go-utils/journal/data_gen.go:71.2,71.8 1 1006
github.com/Laisky/go-utils/journal/data_gen.go:15.16,18.3 2 3
github.com/Laisky/go-utils/journal/data_gen.go:19.17,22.17 3 2012
github.com/Laisky/go-utils/journal/data_gen.go:26.3,26.35 1 2012
github.com/Laisky/go-utils/journal/data_gen.go:22.17,25.4 2 0
github.com/Laisky/go-utils/journal/data_gen.go:27.15,30.18 3 1006
github.com/Laisky/go-utils/journal/data_gen.go:34.4,34.21 1 1006
github.com/Laisky/go-utils/journal/data_gen.go:41.4,41.19 1 1006
github.com/Laisky/go-utils/journal/data_gen.go:57.13,59.18 2 1006
github.com/Laisky/go-utils/journal/data_gen.go:63.11,65.18 2 0
github.com/Laisky/go-utils/journal/data_gen.go:30.18,33.5 2 0
github.com/Laisky/go-utils/journal/data_gen.go:34.21,36.5 1 4
github.com/Laisky/go-utils/journal/data_gen.go:36.10,36.30 1 1002
github.com/Laisky/go-utils/journal/data_gen.go:36.30,37.29 1 1002
github.com/Laisky/go-utils/journal/data_gen.go:37.29,39.6 1 1002
github.com/Laisky/go-utils/journal/data_gen.go:41.19,46.19 5 1006
github.com/Laisky/go-utils/journal/data_gen.go:50.5,51.19 2 1006
github.com/Laisky/go-utils/journal/data_gen.go:55.5,55.28 1 1006
github.com/Laisky/go-utils/journal/data_gen.go:46.19,49.6 2 0
github.com/Laisky/go-utils/journal/data_gen.go:51.19,54.6 2 0
github.com/Laisky/go-utils/journal/data_gen.go:59.18,62.5 2 0
github.com/Laisky/go-utils/journal/data_gen.go:65.18,68.5 2 0
github.com/Laisky/go-utils/journal/data_gen.go:75.55,79.16 2 1007
github.com/Laisky/go-utils/journal/data_gen.go:82.2,83.16 2 1007
github.com/Laisky/go-utils/journal/data_gen.go:87.2,87.37 1 1007
github.com/Laisky/go-utils/journal/data_gen.go:100.2,101.16 2 1007
github.com/Laisky/go-utils/journal/data_gen.go:104.2,105.16 2 1007
github.com/Laisky/go-utils/journal/data_gen.go:109.2,109.8 1 1007
github.com/Laisky/go-utils/journal/data_gen.go:79.16,81.3 1 0
github.com/Laisky/go-utils/journal/data_gen.go:83.16,86.3 2 0
github.com/Laisky/go-utils/journal/data_gen.go:87.37,89.17 2 1006
github.com/Laisky/go-utils/journal/data_gen.go:93.3,94.17 2 1006
github.com/Laisky/go-utils/journal/data_gen.go:89.17,92.4 2 0
github.com/Laisky/go-utils/journal/data_gen.go:94.17,97.4 2 0
github.com/Laisky/go-utils/journal/data_gen.go:101.16,103.3 1 0
github.com/Laisky/go-utils/journal/data_gen.go:105.16,108.3 2 0
github.com/Laisky/go-utils/journal/data_gen.go:113.59,119.37 4 1
github.com/Laisky/go-utils/journal/data_gen.go:128.2,130.8 3 1
github.com/Laisky/go-utils/journal/data_gen.go:119.37,122.17 3 0
github.com/Laisky/go-utils/journal/data_gen.go:122.17,125.4 2 0
github.com/Laisky/go-utils/journal/data_gen.go:134.63,139.16 5 1
github.com/Laisky/go-utils/journal/data_gen.go:143.2,143.17 1 1
github.com/Laisky/go-utils/journal/data_gen.go:195.2,196.8 2 1
github.com/Laisky/go-utils/journal/data_gen.go:139.16,142.3 2 0
github.com/Laisky/go-utils/journal/data_gen.go:143.17,146.17 3 2
github.com/Laisky/go-utils/journal/data_gen.go:150.3,150.35 1 2
github.com/Laisky/go-utils/journal/data_gen.go:146.17,149.4 2 0
github.com/Laisky/go-utils/journal/data_gen.go:151.15,154.18 3 1
github.com/Laisky/go-utils/journal/data_gen.go:158.4,158.21 1 1
github.com/Laisky/go-utils/journal/data_gen.go:165.4,165.19 1 1
github.com/Laisky/go-utils/journal/data_gen.go:181.13,183.18 2 1
github.com/Laisky/go-utils/journal/data_gen.go:187.11,189.18 2 0
github.com/Laisky/go-utils/journal/data_gen.go:154.18,157.5 2 0
github.com/Laisky/go-utils/journal/data_gen.go:158.21,160.5 1 1
github.com/Laisky/go-utils/journal/data_gen.go:160.10,160.30 1 0
github.com/Laisky/go-utils/journal/data_gen.go:160.30,161.29 1 0
github.com/Laisky/go-utils/journal/data_gen.go:161.29,163.6 1 0
github.com/Laisky/go-utils/journal/data_gen.go:165.19,170.19 5 0
github.com/Laisky/go-utils/journal/data_gen.go:174.5,175.19 2 0
github.com/Laisky/go-utils/journal/data_gen.go:179.5,179.28 1 0
github.com/Laisky/go-utils/journal/data_gen.go:170.19,173.6 2 0
github.com/Laisky/go-utils/journal/data_gen.go:175.19,178.6 2 0
github.com/Laisky/go-utils/journal/data_gen.go:183.18,186.5 2 0
github.com/Laisky/go-utils/journal/data_gen.go:189.18,192.5 2 0
github.com/Laisky/go-utils/journal/data_gen.go:200.34,202.19 2 2
github.com/Laisky/go-utils/journal/data_gen.go:208.2,209.8 2 2
github.com/Laisky/go-utils/journal/data_gen.go:202.19,203.38 1 0
github.com/Laisky/go-utils/journal/data_gen.go:203.38,206.4 2 0
github.com/Laisky/go-utils/journal/fs.go:26.36,28.24 2 1
github.com/Laisky/go-utils/journal/fs.go:38.2,38.19 1 1
github.com/Laisky/go-utils/journal/fs.go:42.2,42.12 1 1
github.com/Laisky/go-utils/journal/fs.go:28.24,30.51 2 0
github.com/Laisky/go-utils/journal/fs.go:33.3,33.13 1 0
github.com/Laisky/go-utils/journal/fs.go:30.51,32.4 1 0
github.com/Laisky/go-utils/journal/fs.go:34.8,34.23 1 1
github.com/Laisky/go-utils/journal/fs.go:34.23,36.3 1 0
github.com/Laisky/go-utils/journal/fs.go:38.19,40.3 1 0
github.com/Laisky/go-utils/journal/fs.go:50.107,65.32 4 3
github.com/Laisky/go-utils/journal/fs.go:102.2,103.27 2 3
github.com/Laisky/go-utils/journal/fs.go:112.2,112.26 1 3
github.com/Laisky/go-utils/journal/fs.go:120.2,123.87 2 3
github.com/Laisky/go-utils/journal/fs.go:126.2,126.89 1 3
github.com/Laisky/go-utils/journal/fs.go:130.2,130.17 1 3
github.com/Laisky/go-utils/journal/fs.go:65.32,66.52 1 3
github.com/Laisky/go-utils/journal/fs.go:69.3,69.24 1 3
github.com/Laisky/go-utils/journal/fs.go:93.3,94.78 2 3
github.com/Laisky/go-utils/journal/fs.go:66.52,68.4 1 0
github.com/Laisky/go-utils/journal/fs.go:69.24,74.55 3 2
github.com/Laisky/go-utils/journal/fs.go:79.4,79.42 1 2
github.com/Laisky/go-utils/journal/fs.go:74.55,77.5 2 0
github.com/Laisky/go-utils/journal/fs.go:79.42,82.32 3 1
github.com/Laisky/go-utils/journal/fs.go:82.32,84.6 1 1
github.com/Laisky/go-utils/journal/fs.go:85.10,85.47 1 1
github.com/Laisky/go-utils/journal/fs.go:85.47,88.31 3 1
github.com/Laisky/go-utils/journal/fs.go:88.31,90.6 1 1
github.com/Laisky/go-utils/journal/fs.go:95.8,98.3 2 0
github.com/Laisky/go-utils/journal/fs.go:103.27,105.3 1 2
github.com/Laisky/go-utils/journal/fs.go:105.8,106.83 1 1
github.com/Laisky/go-utils/journal/fs.go:106.83,108.4 1 0
github.com/Laisky/go-utils/journal/fs.go:112.26,114.3 1 2
github.com/Laisky/go-utils/journal/fs.go:114.8,115.81 1 1
github.com/Laisky/go-utils/journal/fs.go:115.81,117.4 1 0
github.com/Laisky/go-utils/journal/fs.go:123.87,125.3 1 0
github.com/Laisky/go-utils/journal/fs.go:126.89,128.3 1 0
github.com/Laisky/go-utils/journal/fs.go:133.60,135.82 2 6
github.com/Laisky/go-utils/journal/fs.go:139.2,139.16 1 6
github.com/Laisky/go-utils/journal/fs.go:135.82,137.3 1 0
github.com/Laisky/go-utils/journal/fs.go:144.74,147.20 3 6
github.com/Laisky/go-utils/journal/fs.go:150.2,155.16 5 6
github.com/Laisky/go-utils/journal/fs.go:159.2,159.32 1 6
github.com/Laisky/go-utils/journal/fs.go:163.2,164.16 2 4
github.com/Laisky/go-utils/journal/fs.go:167.2,167.57 1 4
github.com/Laisky/go-utils/journal/fs.go:147.20,149.3 1 0
github.com/Laisky/go-utils/journal/fs.go:155.16,157.3 1 0
github.com/Laisky/go-utils/journal/fs.go:159.32,161.3 1 2
github.com/Laisky/go-utils/journal/fs.go:164.16,166.3 1 0
github.com/Laisky/go-utils/journal/journal.go:36.46,43.35 2 1
github.com/Laisky/go-utils/journal/journal.go:47.2,47.38 1 1
github.com/Laisky/go-utils/journal/journal.go:51.2,53.10 3 1
github.com/Laisky/go-utils/journal/journal.go:43.35,45.3 1 0
github.com/Laisky/go-utils/journal/journal.go:47.38,49.3 1 1
github.com/Laisky/go-utils/journal/journal.go:57.32,59.16 2 1
github.com/Laisky/go-utils/journal/journal.go:63.2,63.34 1 1
github.com/Laisky/go-utils/journal/journal.go:59.16,60.59 1 0
github.com/Laisky/go-utils/journal/journal.go:63.34,64.13 1 0
github.com/Laisky/go-utils/journal/journal.go:68.39,69.21 1 2
github.com/Laisky/go-utils/journal/journal.go:76.2,76.22 1 2
github.com/Laisky/go-utils/journal/journal.go:83.2,83.12 1 2
github.com/Laisky/go-utils/journal/journal.go:69.21,71.41 1 1
github.com/Laisky/go-utils/journal/journal.go:71.41,73.4 1 0
github.com/Laisky/go-utils/journal/journal.go:76.22,78.51 1 1
github.com/Laisky/go-utils/journal/journal.go:78.51,80.4 1 0
github.com/Laisky/go-utils/journal/journal.go:86.30,91.6 2 1
github.com/Laisky/go-utils/journal/journal.go:91.6,94.34 3 1
github.com/Laisky/go-utils/journal/journal.go:97.3,97.15 1 0
github.com/Laisky/go-utils/journal/journal.go:94.34,96.4 1 0
github.com/Laisky/go-utils/journal/journal.go:101.39,102.44 1 950
github.com/Laisky/go-utils/journal/journal.go:111.2,111.12 1 950
github.com/Laisky/go-utils/journal/journal.go:102.44,104.3 1 0
github.com/Laisky/go-utils/journal/journal.go:104.8,105.87 1 950
github.com/Laisky/go-utils/journal/journal.go:105.87,108.4 2 0
github.com/Laisky/go-utils/journal/journal.go:114.46,116.2 1 0
github.com/Laisky/go-utils/journal/journal.go:118.53,123.49 4 1000
github.com/Laisky/go-utils/journal/journal.go:130.2,130.30 1 1000
github.com/Laisky/go-utils/journal/journal.go:123.49,124.40 1 950
github.com/Laisky/go-utils/journal/journal.go:124.40,126.4 1 0
github.com/Laisky/go-utils/journal/journal.go:133.43,138.2 3 950
github.com/Laisky/go-utils/journal/journal.go:142.40,146.33 3 2
github.com/Laisky/go-utils/journal/journal.go:150.2,152.20 2 2
github.com/Laisky/go-utils/journal/journal.go:167.2,167.21 1 2
github.com/Laisky/go-utils/journal/journal.go:170.2,174.20 3 2
github.com/Laisky/go-utils/journal/journal.go:177.2,180.12 3 2
github.com/Laisky/go-utils/journal/journal.go:146.33,148.3 1 0
github.com/Laisky/go-utils/journal/journal.go:152.20,153.82 1 2
github.com/Laisky/go-utils/journal/journal.go:157.3,158.19 2 2
github.com/Laisky/go-utils/journal/journal.go:153.82,156.4 2 0
github.com/Laisky/go-utils/journal/journal.go:159.8,161.83 1 0
github.com/Laisky/go-utils/journal/journal.go:161.83,163.4 1 0
github.com/Laisky/go-utils/journal/journal.go:167.21,169.3 1 1
github.com/Laisky/go-utils/journal/journal.go:174.20,176.3 1 1
github.com/Laisky/go-utils/journal/journal.go:184.41,186.21 2 2
github.com/Laisky/go-utils/journal/journal.go:186.21,188.3 1 1
github.com/Laisky/go-utils/journal/journal.go:188.8,190.3 1 1
github.com/Laisky/go-utils/journal/journal.go:193.37,196.2 2 3
github.com/Laisky/go-utils/journal/journal.go:198.42,201.2 2 0
github.com/Laisky/go-utils/journal/journal.go:203.39,206.2 2 3
github.com/Laisky/go-utils/journal/journal.go:210.57,214.46 3 51
github.com/Laisky/go-utils/journal/journal.go:226.2,226.12 1 50
github.com/Laisky/go-utils/journal/journal.go:214.46,216.41 2 1
github.com/Laisky/go-utils/journal/journal.go:219.3,220.16 2 1
github.com/Laisky/go-utils/journal/journal.go:216.41,218.4 1 0
github.com/Laisky/go-utils/journal/journal.go:221.8,221.23 1 50
github.com/Laisky/go-utils/journal/journal.go:221.23,224.3 2 0
github.com/Laisky/go-utils/journal/legacy.go:26.68,34.2 3 3
github.com/Laisky/go-utils/journal/legacy.go:36.62,40.2 3 1
github.com/Laisky/go-utils/journal/legacy.go:43.49,44.41 1 2
github.com/Laisky/go-utils/journal/legacy.go:49.2,49.65 1 2
github.com/Laisky/go-utils/journal/legacy.go:44.41,48.3 1 0
github.com/Laisky/go-utils/journal/legacy.go:52.53,54.22 2 54
github.com/Laisky/go-utils/journal/legacy.go:68.2,70.1 2 53
github.com/Laisky/go-utils/journal/legacy.go:71.2,71.25 1 54
github.com/Laisky/go-utils/journal/legacy.go:80.2,80.48 1 1007
github.com/Laisky/go-utils/journal/legacy.go:101.2,102.36 2 1004
github.com/Laisky/go-utils/journal/legacy.go:108.2,108.12 1 51
github.com/Laisky/go-utils/journal/legacy.go:54.22,55.29 1 3
github.com/Laisky/go-utils/journal/legacy.go:59.3,61.17 2 2
github.com/Laisky/go-utils/journal/legacy.go:65.3,66.24 2 2
github.com/Laisky/go-utils/journal/legacy.go:55.29,57.4 1 1
github.com/Laisky/go-utils/journal/legacy.go:61.17,63.4 1 0
github.com/Laisky/go-utils/journal/legacy.go:80.48,81.20 1 3
github.com/Laisky/go-utils/journal/legacy.go:91.3,91.45 1 1
github.com/Laisky/go-utils/journal/legacy.go:95.3,98.21 4 1
github.com/Laisky/go-utils/journal/legacy.go:81.20,82.49 1 3
github.com/Laisky/go-utils/journal/legacy.go:82.49,85.5 2 2
github.com/Laisky/go-utils/journal/legacy.go:86.9,88.4 1 0
github.com/Laisky/go-utils/journal/legacy.go:91.45,93.4 1 0
github.com/Laisky/go-utils/journal/legacy.go:102.36,104.21 1 953
github.com/Laisky/go-utils/journal/legacy.go:111.61,118.36 4 0
github.com/Laisky/go-utils/journal/legacy.go:136.2,137.16 2 0
github.com/Laisky/go-utils/journal/legacy.go:118.36,121.17 2 0
github.com/Laisky/go-utils/journal/legacy.go:124.3,128.17 4 0
github.com/Laisky/go-utils/journal/legacy.go:131.3,131.17 1 0
github.com/Laisky/go-utils/journal/legacy.go:121.17,123.4 1 0
github.com/Laisky/go-utils/journal/legacy.go:128.17,130.4 1 0
github.com/Laisky/go-utils/journal/legacy.go:131.17,133.4 1 0
github.com/Laisky/go-utils/journal/legacy.go:140.73,149.36 5 4
github.com/Laisky/go-utils/journal/legacy.go:172.2,173.20 2 4
github.com/Laisky/go-utils/journal/legacy.go:149.36,153.17 3 5
github.com/Laisky/go-utils/journal/legacy.go:160.3,162.17 3 5
github.com/Laisky/go-utils/journal/legacy.go:169.3,169.17 1 5
github.com/Laisky/go-utils/journal/legacy.go:153.17,158.4 2 0
github.com/Laisky/go-utils/journal/legacy.go:162.17,167.4 2 0
github.com/Laisky/go-utils/journal/legacy.go:176.38,179.25 2 1
github.com/Laisky/go-utils/journal/legacy.go:186.2,186.24 1 1
github.com/Laisky/go-utils/journal/legacy.go:193.2,195.12 3 1
github.com/Laisky/go-utils/journal/legacy.go:179.25,180.34 1 1
github.com/Laisky/go-utils/journal/legacy.go:183.3,183.21 1 1
github.com/Laisky/go-utils/journal/legacy.go:180.34,182.4 1 1
github.com/Laisky/go-utils/journal/legacy.go:186.24,187.33 1 1
github.com/Laisky/go-utils/journal/legacy.go:190.3,190.20 1 1
github.com/Laisky/go-utils/journal/legacy.go:187.33,189.4 1 1
github.com/Laisky/go-utils/structures/heap.go:16.38,18.2 1 0
github.com/Laisky/go-utils/structures/heap.go:20.35,22.2 1 69
github.com/Laisky/go-utils/structures/heap.go:30.61,37.2 2 2
github.com/Laisky/go-utils/structures/heap.go:39.31,42.2 2 29
github.com/Laisky/go-utils/structures/heap.go:44.41,46.22 2 23
github.com/Laisky/go-utils/structures/heap.go:50.2,50.52 1 6
github.com/Laisky/go-utils/structures/heap.go:46.22,48.3 1 17
github.com/Laisky/go-utils/structures/heap.go:53.36,56.2 2 21
github.com/Laisky/go-utils/structures/heap.go:58.41,62.2 3 11
github.com/Laisky/go-utils/structures/heap.go:64.48,70.2 5 11
github.com/Laisky/go-utils/structures/heap.go:81.86,83.2 1 0
github.com/Laisky/go-utils/structures/heap.go:86.87,88.2 1 0
github.com/Laisky/go-utils/structures/heap.go:93.98,95.14 2 2
github.com/Laisky/go-utils/structures/heap.go:99.2,108.27 2 2
github.com/Laisky/go-utils/structures/heap.go:132.2,132.22 1 2
github.com/Laisky/go-utils/structures/heap.go:141.2,144.22 2 2
github.com/Laisky/go-utils/structures/heap.go:160.2,161.29 2 2
github.com/Laisky/go-utils/structures/heap.go:166.2,166.19 1 2
github.com/Laisky/go-utils/structures/heap.go:95.14,97.3 1 0
github.com/Laisky/go-utils/structures/heap.go:108.27,109.10 1 6
github.com/Laisky/go-utils/structures/heap.go:110.31,111.11 1 6
github.com/Laisky/go-utils/structures/heap.go:115.4,116.19 2 6
github.com/Laisky/go-utils/structures/heap.go:120.4,121.66 1 6
github.com/Laisky/go-utils/structures/heap.go:125.4,128.6 1 6
github.com/Laisky/go-utils/structures/heap.go:111.11,113.10 2 0
github.com/Laisky/go-utils/structures/heap.go:116.19,118.5 1 2
github.com/Laisky/go-utils/structures/heap.go:121.66,123.5 1 2
github.com/Laisky/go-utils/structures/heap.go:132.22,133.19 1 0
github.com/Laisky/go-utils/structures/heap.go:136.3,136.19 1 0
github.com/Laisky/go-utils/structures/heap.go:133.19,135.4 1 0
github.com/Laisky/go-utils/structures/heap.go:136.19,138.4 1 0
github.com/Laisky/go-utils/structures/heap.go:144.22,145.30 1 2
github.com/Laisky/go-utils/structures/heap.go:145.30,148.67 2 8
github.com/Laisky/go-utils/structures/heap.go:152.4,156.35 2 5
github.com/Laisky/go-utils/structures/heap.go:148.67,149.13 1 3
github.com/Laisky/go-utils/structures/heap.go:161.29,164.3 2 6
github.com/Laisky/go-utils/random.go:8.13,10.2 1 1
github.com/Laisky/go-utils/random.go:14.43,16.19 2 0
github.com/Laisky/go-utils/random.go:19.2,19.18 1 0
github.com/Laisky/go-utils/random.go:16.19,18.3 1 0
github.com/Laisky/go-utils/throttle.go:18.46,26.2 3 1
github.com/Laisky/go-utils/throttle.go:28.33,29.9 1 120
github.com/Laisky/go-utils/throttle.go:30.22,31.14 1 20
github.com/Laisky/go-utils/throttle.go:32.10,33.15 1 100
github.com/Laisky/go-utils/throttle.go:37.26,39.12 2 1
github.com/Laisky/go-utils/throttle.go:39.12,40.7 1 1
github.com/Laisky/go-utils/throttle.go:40.7,41.35 1 2
github.com/Laisky/go-utils/throttle.go:48.4,48.16 1 2
github.com/Laisky/go-utils/throttle.go:51.4,51.31 1 2
github.com/Laisky/go-utils/throttle.go:41.35,42.12 1 20
github.com/Laisky/go-utils/throttle.go:43.34,43.34 0 20
github.com/Laisky/go-utils/throttle.go:44.13,44.13 0 0
github.com/Laisky/go-utils/throttle.go:48.16,50.5 1 0
github.com/Laisky/go-utils/throttle.go:56.27,58.2 1 0
github.com/Laisky/go-utils/errors.go:8.51,10.2 1 1
github.com/Laisky/go-utils/logger.go:23.13,25.2 1 1
github.com/Laisky/go-utils/logger.go:28.32,30.15 2 5
github.com/Laisky/go-utils/logger.go:43.2,59.16 5 5
github.com/Laisky/go-utils/logger.go:63.2,68.74 3 5
github.com/Laisky/go-utils/logger.go:31.15,32.50 1 4
github.com/Laisky/go-utils/logger.go:33.14,34.49 1 1
github.com/Laisky/go-utils/logger.go:35.14,36.49 1 0
github.com/Laisky/go-utils/logger.go:37.15,38.50 1 0
github.com/Laisky/go-utils/logger.go:39.10,40.63 1 0
github.com/Laisky/go-utils/logger.go:59.16,60.13 1 0
github.com/Laisky/go-utils/logger.go:73.79,74.47 1 0
github.com/Laisky/go-utils/logger.go:78.2,78.25 1 0
github.com/Laisky/go-utils/logger.go:74.47,76.3 1 0
github.com/Laisky/go-utils/logger.go:82.78,83.47 1 0
github.com/Laisky/go-utils/logger.go:87.2,87.24 1 0
github.com/Laisky/go-utils/logger.go:83.47,85.3 1 0
github.com/Laisky/go-utils/logger.go:90.78,91.47 1 0
github.com/Laisky/go-utils/logger.go:95.2,95.24 1 0
github.com/Laisky/go-utils/logger.go:91.47,93.3 1 0
github.com/Laisky/go-utils/math.go:7.71,12.20 5 0
github.com/Laisky/go-utils/math.go:17.2,18.8 2 0
github.com/Laisky/go-utils/math.go:12.20,14.3 1 0
github.com/Laisky/go-utils/math.go:14.8,16.3 1 0
github.com/Laisky/go-utils/math.go:22.46,24.2 1 6020
github.com/Laisky/go-utils/settings.go:43.59,45.2 1 0
github.com/Laisky/go-utils/settings.go:48.52,53.2 3 0
github.com/Laisky/go-utils/settings.go:56.53,61.2 3 4
github.com/Laisky/go-utils/settings.go:64.60,69.2 3 1
github.com/Laisky/go-utils/settings.go:72.49,77.2 3 1
github.com/Laisky/go-utils/settings.go:80.47,85.2 3 1
github.com/Laisky/go-utils/settings.go:88.51,93.2 3 0
github.com/Laisky/go-utils/settings.go:96.62,101.2 3 0
github.com/Laisky/go-utils/settings.go:104.57,109.2 3 0
github.com/Laisky/go-utils/settings.go:114.55,116.2 1 1
github.com/Laisky/go-utils/settings.go:119.59,123.2 3 1
github.com/Laisky/go-utils/settings.go:126.61,130.16 4 1
github.com/Laisky/go-utils/settings.go:133.2,134.61 2 1
github.com/Laisky/go-utils/settings.go:138.2,138.12 1 1
github.com/Laisky/go-utils/settings.go:130.16,132.3 1 0
github.com/Laisky/go-utils/settings.go:134.61,136.3 1 0
github.com/Laisky/go-utils/settings.go:143.80,151.35 3 0
github.com/Laisky/go-utils/settings.go:154.2,156.12 2 0
github.com/Laisky/go-utils/settings.go:151.35,153.3 1 0
github.com/Laisky/go-utils/settings.go:164.103,172.35 3 1
github.com/Laisky/go-utils/settings.go:175.2,176.9 2 1
github.com/Laisky/go-utils/settings.go:179.2,181.70 3 1
github.com/Laisky/go-utils/settings.go:185.2,185.12 1 1
github.com/Laisky/go-utils/settings.go:172.35,174.3 1 0
github.com/Laisky/go-utils/settings.go:176.9,178.3 1 0
github.com/Laisky/go-utils/settings.go:181.70,183.3 1 0
github.com/Laisky/go-utils/settings.go:189.39,194.16 4 0
github.com/Laisky/go-utils/settings.go:194.16,195.56 1 0
github.com/Laisky/go-utils/sort.go:9.43,12.2 2 1
github.com/Laisky/go-utils/sort.go:14.44,17.2 2 1
github.com/Laisky/go-utils/sort.go:26.29,29.2 2 2
github.com/Laisky/go-utils/sort.go:31.39,34.2 2 23
github.com/Laisky/go-utils/sort.go:36.34,39.2 2 15
github.com/Laisky/go-utils/utils.go:13.40,15.2 1 0
github.com/Laisky/go-utils/utils.go:19.80,20.15 1 1
github.com/Laisky/go-utils/utils.go:26.2,27.8 2 1
github.com/Laisky/go-utils/utils.go:20.15,21.23 1 1
github.com/Laisky/go-utils/utils.go:21.23,23.4 1 1
github.com/Laisky/go-utils/utils.go:30.92,33.30 3 1
github.com/Laisky/go-utils/utils.go:37.2,37.39 1 1
github.com/Laisky/go-utils/utils.go:42.2,42.12 1 1
github.com/Laisky/go-utils/utils.go:33.30,35.3 1 0
github.com/Laisky/go-utils/utils.go:37.39,38.27 1 11
github.com/Laisky/go-utils/utils.go:38.27,40.4 1 8
github.com/Laisky/go-utils/utils.go:45.64,46.26 1 4
github.com/Laisky/go-utils/utils.go:46.26,47.49 1 9
github.com/Laisky/go-utils/utils.go:47.49,49.29 2 3
github.com/Laisky/go-utils/utils.go:52.4,52.19 1 3
github.com/Laisky/go-utils/utils.go:49.29,51.5 1 3
github.com/Laisky/go-utils/configserver.go:39.52,44.2 1 2
github.com/Laisky/go-utils/configserver.go:46.35,49.16 3 2
github.com/Laisky/go-utils/configserver.go:53.2,53.12 1 2
github.com/Laisky/go-utils/configserver.go:49.16,51.3 1 0
github.com/Laisky/go-utils/configserver.go:56.58,61.36 2 5
github.com/Laisky/go-utils/configserver.go:69.2,69.19 1 0
github.com/Laisky/go-utils/configserver.go:61.36,62.36 1 5
github.com/Laisky/go-utils/configserver.go:62.36,63.20 1 11
github.com/Laisky/go-utils/configserver.go:63.20,65.5 1 5
github.com/Laisky/go-utils/configserver.go:72.59,73.32 1 2
github.com/Laisky/go-utils/configserver.go:73.32,75.3 1 2
github.com/Laisky/go-utils/configserver.go:75.8,77.3 1 0
github.com/Laisky/go-utils/configserver.go:80.53,81.32 1 1
github.com/Laisky/go-utils/configserver.go:81.32,82.77 1 1
github.com/Laisky/go-utils/configserver.go:82.77,85.4 2 0
github.com/Laisky/go-utils/configserver.go:85.9,87.4 1 1
github.com/Laisky/go-utils/configserver.go:88.8,90.3 1 0
github.com/Laisky/go-utils/configserver.go:93.55,94.32 1 1
github.com/Laisky/go-utils/configserver.go:94.32,95.72 1 1
github.com/Laisky/go-utils/configserver.go:95.72,98.4 2 0
github.com/Laisky/go-utils/configserver.go:98.9,100.4 1 1
github.com/Laisky/go-utils/configserver.go:101.8,103.3 1 0
github.com/Laisky/go-utils/configserver.go:106.56,112.42 2 0
github.com/Laisky/go-utils/configserver.go:112.42,114.35 2 0
github.com/Laisky/go-utils/configserver.go:114.35,117.4 2 0
github.com/Laisky/go-utils/counter.go:19.28,26.2 1 1
github.com/Laisky/go-utils/counter.go:28.40,32.2 1 0
github.com/Laisky/go-utils/counter.go:34.31,36.2 1 2
github.com/Laisky/go-utils/counter.go:38.42,46.2 6 0
github.com/Laisky/go-utils/counter.go:48.32,50.2 1 1
github.com/Laisky/go-utils/counter.go:52.33,54.2 1 10000
github.com/Laisky/go-utils/counter.go:56.41,58.2 1 0
github.com/Laisky/go-utils/counter.go:69.66,70.22 1 1
github.com/Laisky/go-utils/counter.go:73.2,78.15 3 1
github.com/Laisky/go-utils/counter.go:70.22,72.3 1 0
github.com/Laisky/go-utils/counter.go:81.74,82.22 1 1
github.com/Laisky/go-utils/counter.go:85.2,85.11 1 1
github.com/Laisky/go-utils/counter.go:88.2,88.22 1 1
github.com/Laisky/go-utils/counter.go:91.2,97.15 3 1
github.com/Laisky/go-utils/counter.go:82.22,84.3 1 0
github.com/Laisky/go-utils/counter.go:85.11,87.3 1 0
github.com/Laisky/go-utils/counter.go:88.22,90.3 1 0
github.com/Laisky/go-utils/counter.go:100.40,101.6 1 2
github.com/Laisky/go-utils/counter.go:101.6,104.27 3 2282
github.com/Laisky/go-utils/counter.go:104.27,106.4 1 227
github.com/Laisky/go-utils/counter.go:110.39,112.2 1 6
github.com/Laisky/go-utils/counter.go:114.51,115.34 1 5
github.com/Laisky/go-utils/counter.go:118.2,118.14 1 5
github.com/Laisky/go-utils/counter.go:115.34,117.3 1 269
github.com/Laisky/go-utils/counter.go:133.84,134.22 1 2
github.com/Laisky/go-utils/counter.go:138.2,145.15 4 2
github.com/Laisky/go-utils/counter.go:134.22,136.3 1 0
github.com/Laisky/go-utils/counter.go:148.86,149.22 1 0
github.com/Laisky/go-utils/counter.go:152.2,152.11 1 0
github.com/Laisky/go-utils/counter.go:155.2,155.22 1 0
github.com/Laisky/go-utils/counter.go:159.2,168.15 5 0
github.com/Laisky/go-utils/counter.go:149.22,151.3 1 0
github.com/Laisky/go-utils/counter.go:152.11,154.3 1 0
github.com/Laisky/go-utils/counter.go:155.22,157.3 1 0
github.com/Laisky/go-utils/counter.go:171.49,173.6 2 2
github.com/Laisky/go-utils/counter.go:173.6,176.27 3 36007
github.com/Laisky/go-utils/counter.go:176.27,178.4 1 1001
github.com/Laisky/go-utils/counter.go:182.52,183.62 1 1000003
github.com/Laisky/go-utils/counter.go:189.2,189.38 1 990013
github.com/Laisky/go-utils/counter.go:183.62,187.3 3 9990
github.com/Laisky/go-utils/counter.go:192.60,193.63 1 1003
github.com/Laisky/go-utils/counter.go:197.2,199.10 3 1003
github.com/Laisky/go-utils/counter.go:193.63,195.3 1 5012
github.com/Laisky/go-utils/counter.go:208.40,212.2 1 1
github.com/Laisky/go-utils/counter.go:214.53,218.2 1 0
github.com/Laisky/go-utils/counter.go:220.38,222.2 1 2
github.com/Laisky/go-utils/counter.go:224.39,226.2 1 1
github.com/Laisky/go-utils/counter.go:228.40,230.2 1 10000
github.com/Laisky/go-utils/counter.go:232.49,234.2 1 0
github.com/Laisky/go-utils/http.go:34.90,36.2 1 1
github.com/Laisky/go-utils/http.go:39.125,46.16 4 4
github.com/Laisky/go-utils/http.go:49.2,53.36 4 4
github.com/Laisky/go-utils/http.go:57.2,58.16 2 4
github.com/Laisky/go-utils/http.go:61.2,63.43 2 4
github.com/Laisky/go-utils/http.go:71.2,72.16 2 4
github.com/Laisky/go-utils/http.go:75.2,77.16 3 4
github.com/Laisky/go-utils/http.go:81.2,83.12 2 4
github.com/Laisky/go-utils/http.go:46.16,48.3 1 0
github.com/Laisky/go-utils/http.go:53.36,55.3 1 0
github.com/Laisky/go-utils/http.go:58.16,60.3 1 0
github.com/Laisky/go-utils/http.go:63.43,65.17 2 0
github.com/Laisky/go-utils/http.go:68.3,68.42 1 0
github.com/Laisky/go-utils/http.go:65.17,67.4 1 0
github.com/Laisky/go-utils/http.go:72.16,74.3 1 0
github.com/Laisky/go-utils/http.go:77.16,80.3 2 0
github.com/Laisky/go-utils/http.go:87.43,93.2 2 1
github.com/Laisky/go-utils/http.go:95.68,98.35 3 1
github.com/Laisky/go-utils/http.go:102.2,102.18 1 0
github.com/Laisky/go-utils/http.go:98.35,100.3 1 1
github.com/Laisky/go-utils/http.go:105.60,108.18 3 1
github.com/Laisky/go-utils/http.go:112.2,114.16 3 1
github.com/Laisky/go-utils/http.go:118.2,118.73 1 1
github.com/Laisky/go-utils/http.go:108.18,110.3 1 0
github.com/Laisky/go-utils/http.go:114.16,116.3 1 0
github.com/Laisky/go-utils/time.go:9.25,11.2 1 2
github.com/Laisky/go-utils/time.go:14.53,16.2 1 4
github.com/Laisky/go-utils/time.go:19.39,21.2 1 4
github.com/Laisky/go-utils/time.go:32.48,33.18 1 0
github.com/Laisky/go-utils/time.go:33.18,35.3 1 0
github.com/Laisky/go-utils/time.go:35.8,37.3 1 0
github.com/Laisky/go-utils/time.go:48.57,56.2 3 2
github.com/Laisky/go-utils/time.go:58.28,63.2 3 0
github.com/Laisky/go-utils/time.go:65.27,71.2 4 0
github.com/Laisky/go-utils/time.go:73.59,78.2 3 0
github.com/Laisky/go-utils/time.go:80.34,82.6 2 2
github.com/Laisky/go-utils/time.go:82.6,84.15 2 95
github.com/Laisky/go-utils/time.go:87.3,92.23 5 95
github.com/Laisky/go-utils/time.go:84.15,86.4 1 0
github.com/Laisky/go-utils/time.go:96.43,100.2 3 6
github.com/Laisky/go-utils/time.go:102.51,106.2 3 6
github.com/Laisky/go-utils/email.go:15.43,21.2 2 0
github.com/Laisky/go-utils/email.go:23.49,27.2 3 0
github.com/Laisky/go-utils/email.go:29.48,31.2 1 0
github.com/Laisky/go-utils/email.go:33.82,43.41 8 0
github.com/Laisky/go-utils/email.go:47.2,47.12 1 0
github.com/Laisky/go-utils/email.go:43.41,45.3 1 0
github.com/Laisky/go-utils/encrypt.go:46.36,53.2 4 2
github.com/Laisky/go-utils/encrypt.go:56.89,58.28 2 1
github.com/Laisky/go-utils/encrypt.go:61.2,65.16 4 1
github.com/Laisky/go-utils/encrypt.go:68.2,68.22 1 1
github.com/Laisky/go-utils/encrypt.go:58.28,60.3 1 4
github.com/Laisky/go-utils/encrypt.go:65.16,67.3 1 0
github.com/Laisky/go-utils/encrypt.go:72.93,74.9 2 2
github.com/Laisky/go-utils/encrypt.go:77.2,78.16 2 2
github.com/Laisky/go-utils/encrypt.go:82.2,82.32 1 2
github.com/Laisky/go-utils/encrypt.go:74.9,76.3 1 0
github.com/Laisky/go-utils/encrypt.go:78.16,80.3 1 0
github.com/Laisky/go-utils/encrypt.go:86.85,89.80 3 4
github.com/Laisky/go-utils/encrypt.go:96.2,96.16 1 4
github.com/Laisky/go-utils/encrypt.go:100.2,100.67 1 4
github.com/Laisky/go-utils/encrypt.go:120.2,120.53 1 0
github.com/Laisky/go-utils/encrypt.go:89.80,91.58 1 4
github.com/Laisky/go-utils/encrypt.go:94.3,94.23 1 4
github.com/Laisky/go-utils/encrypt.go:91.58,93.4 1 0
github.com/Laisky/go-utils/encrypt.go:96.16,98.3 1 0
github.com/Laisky/go-utils/encrypt.go:100.67,101.28 1 4
github.com/Laisky/go-utils/encrypt.go:104.3,104.42 1 4
github.com/Laisky/go-utils/encrypt.go:108.3,108.51 1 3
github.com/Laisky/go-utils/encrypt.go:118.3,118.22 1 1
github.com/Laisky/go-utils/encrypt.go:101.28,103.4 1 18
github.com/Laisky/go-utils/encrypt.go:104.42,106.4 1 1
github.com/Laisky/go-utils/encrypt.go:108.51,110.4 1 1
github.com/Laisky/go-utils/encrypt.go:110.9,111.70 1 2
github.com/Laisky/go-utils/encrypt.go:111.70,113.5 1 0
github.com/Laisky/go-utils/encrypt.go:113.10,113.18 1 2
github.com/Laisky/go-utils/encrypt.go:113.18,115.5 1 1
github.com/Laisky/go-utils/pprof.go:9.23,11.16 2 0
github.com/Laisky/go-utils/pprof.go:14.2,15.33 2 0
github.com/Laisky/go-utils/pprof.go:11.16,12.13 1 0
github.com/Laisky/go-utils/pprof.go:18.23,20.16 2 0
github.com/Laisky/go-utils/pprof.go:23.2,26.30 3 0
github.com/Laisky/go-utils/pprof.go:20.16,21.13 1 0
github.com/Laisky/go-utils/pprof.go:29.25,31.16 2 0
github.com/Laisky/go-utils/pprof.go:34.2,37.16 3 0
github.com/Laisky/go-utils/pprof.go:40.2,40.20 1 0
github.com/Laisky/go-utils/pprof.go:31.16,32.13 1 0
github.com/Laisky/go-utils/pprof.go:37.16,38.13 1 0
